Line 29: Class Crystal.CrystalReport of control rptNotes was not a loaded control class.
Line 46: Class Crystal.CrystalReport of control rptReports was not a loaded control class.
Line 63: Class Crystal.CrystalReport of control rptcoa was not a loaded control class.
Line 32: The property name _ExtentX in rptNotes is invalid.
Line 33: The property name _ExtentY in rptNotes is invalid.
Line 34: The property name _Version in rptNotes is invalid.
Line 35: The property name WindowControlBox in rptNotes is invalid.
Line 36: The property name WindowMaxButton in rptNotes is invalid.
Line 37: The property name WindowMinButton in rptNotes is invalid.
Line 38: The property name WindowState in rptNotes is invalid.
Line 39: The property name PrintFileLinesPerPage in rptNotes is invalid.
Line 40: The property name WindowShowGroupTree in rptNotes is invalid.
Line 41: The property name WindowShowCloseBtn in rptNotes is invalid.
Line 42: The property name WindowShowSearchBtn in rptNotes is invalid.
Line 43: The property name WindowShowPrintSetupBtn in rptNotes is invalid.
Line 44: The property name WindowShowRefreshBtn in rptNotes is invalid.
Line 49: The property name _ExtentX in rptReports is invalid.
Line 50: The property name _ExtentY in rptReports is invalid.
Line 51: The property name _Version in rptReports is invalid.
Line 52: The property name WindowControlBox in rptReports is invalid.
Line 53: The property name WindowMaxButton in rptReports is invalid.
Line 54: The property name WindowMinButton in rptReports is invalid.
Line 55: The property name WindowState in rptReports is invalid.
Line 56: The property name PrintFileLinesPerPage in rptReports is invalid.
Line 57: The property name WindowShowGroupTree in rptReports is invalid.
Line 58: The property name WindowShowCloseBtn in rptReports is invalid.
Line 59: The property name WindowShowSearchBtn in rptReports is invalid.
Line 60: The property name WindowShowPrintSetupBtn in rptReports is invalid.
Line 61: The property name WindowShowRefreshBtn in rptReports is invalid.
Line 66: The property name _ExtentX in rptcoa is invalid.
Line 67: The property name _ExtentY in rptcoa is invalid.
Line 68: The property name _Version in rptcoa is invalid.
Line 69: The property name WindowControlBox in rptcoa is invalid.
Line 70: The property name WindowMaxButton in rptcoa is invalid.
Line 71: The property name WindowMinButton in rptcoa is invalid.
Line 72: The property name WindowState in rptcoa is invalid.
Line 73: The property name PrintFileLinesPerPage in rptcoa is invalid.
Line 74: The property name WindowShowGroupTree in rptcoa is invalid.
Line 75: The property name WindowShowCloseBtn in rptcoa is invalid.
Line 76: The property name WindowShowSearchBtn in rptcoa is invalid.
Line 77: The property name WindowShowPrintSetupBtn in rptcoa is invalid.
Line 78: The property name WindowShowRefreshBtn in rptcoa is invalid.
